<?xml version="1.0" encoding="UTF-8"?>
<testsuite name="CodeSharingPlatformTest" tests="1" skipped="0" failures="0" errors="0" timestamp="2022-12-20T00:22:05" hostname="EDCMXENLT0190.local" time="49.753">
  <properties/>
  <testcase name="start" classname="CodeSharingPlatformTest" time="49.753"/>
  <system-out><![CDATA[?[1;31m
Start test 1?[0m
?[0;34m
?[0m?[0;34m  .   ____          _            __ _ _
?[0m?[0;34m /\\ / ___'_ __ _ _(_)_ __  __ _ \ \ \ \
?[0m?[0;34m( ( )\___ | '_ | '_| | '_ \/ _` | \ \ \ \
?[0m?[0;34m \\/  ___)| |_)| | | | | || (_| |  ) ) ) )
?[0m?[0;34m  '  |____| .__|_| |_|_| |_\__, | / / / /
?[0m?[0;34m =========|_|==============|___/=/_/_/_/
?[0m?[0;34m :: Spring Boot ::                (v2.5.6)
?[0m?[0;34m
?[0m?[0;34m2022-12-19 17:22:11.067  INFO 30689 --- [    Test worker] platform.CodeSharingPlatform             : Starting CodeSharingPlatform using Java 17.0.4.1 on EDCMXENLT0190.local with PID 30689 (started by enriqueclerici in /Users/enriqueclerici/Documents/Programitas/Code Sharing Platform/Code Sharing Platform/task)
?[0m?[0;34m2022-12-19 17:22:11.070  INFO 30689 --- [    Test worker] platform.CodeSharingPlatform             : No active profile set, falling back to default profiles: default
?[0m?[0;34m2022-12-19 17:22:12.058  INFO 30689 --- [    Test worker] .s.d.r.c.RepositoryConfigurationDelegate : Bootstrapping Spring Data JPA repositories in DEFAULT mode.
?[0m?[0;34m2022-12-19 17:22:12.105  INFO 30689 --- [    Test worker] .s.d.r.c.RepositoryConfigurationDelegate : Finished Spring Data repository scanning in 39 ms. Found 1 JPA repository interfaces.
?[0m?[0;34m2022-12-19 17:22:12.681  INFO 30689 --- [    Test worker] o.s.b.w.embedded.tomcat.TomcatWebServer  : Tomcat initialized with port(s): 8889 (http)
?[0m?[0;34m2022-12-19 17:22:12.701  INFO 30689 --- [    Test worker] o.apache.catalina.core.StandardService   : Starting service [Tomcat]
?[0m?[0;34m2022-12-19 17:22:12.702  INFO 30689 --- [    Test worker] org.apache.catalina.core.StandardEngine  : Starting Servlet engine: [Apache Tomcat/9.0.54]
?[0m?[0;34m2022-12-19 17:22:12.966  INFO 30689 --- [    Test worker] o.a.c.c.C.[Tomcat].[localhost].[/]       : Initializing Spring embedded WebApplicationContext
?[0m?[0;34m2022-12-19 17:22:12.966  INFO 30689 --- [    Test worker] w.s.c.ServletWebServerApplicationContext : Root WebApplicationContext: initialization completed in 1851 ms
?[0m?[0;34m2022-12-19 17:22:13.082  INFO 30689 --- [    Test worker] com.zaxxer.hikari.HikariDataSource       : HikariPool-1 - Starting...
?[0m?[0;34m2022-12-19 17:22:13.262  INFO 30689 --- [    Test worker] com.zaxxer.hikari.HikariDataSource       : HikariPool-1 - Start completed.
?[0m?[0;34m2022-12-19 17:22:13.268  INFO 30689 --- [    Test worker] o.s.b.a.h2.H2ConsoleAutoConfiguration    : H2 console available at '/h2-console'. Database available at 'jdbc:h2:file:../snippets'
?[0m?[0;34m2022-12-19 17:22:13.527  INFO 30689 --- [    Test worker] o.hibernate.jpa.internal.util.LogHelper  : HHH000204: Processing PersistenceUnitInfo [name: default]
?[0m?[0;34m2022-12-19 17:22:13.587  INFO 30689 --- [    Test worker] org.hibernate.Version                    : HHH000412: Hibernate ORM core version 5.4.32.Final
?[0m?[0;34m2022-12-19 17:22:13.762  INFO 30689 --- [    Test worker] o.hibernate.annotations.common.Version   : HCANN000001: Hibernate Commons Annotations {5.1.2.Final}
?[0m?[0;34m2022-12-19 17:22:13.877  INFO 30689 --- [    Test worker] org.hibernate.dialect.Dialect            : HHH000400: Using dialect: org.hibernate.dialect.H2Dialect
?[0m?[0;34m2022-12-19 17:22:14.818  INFO 30689 --- [    Test worker] o.h.e.t.j.p.i.JtaPlatformInitiator       : HHH000490: Using JtaPlatform implementation: [org.hibernate.engine.transaction.jta.platform.internal.NoJtaPlatform]
?[0m?[0;34m2022-12-19 17:22:14.831  INFO 30689 --- [    Test worker] j.LocalContainerEntityManagerFactoryBean : Initialized JPA EntityManagerFactory for persistence unit 'default'
?[0m?[0;34m2022-12-19 17:22:15.226  WARN 30689 --- [    Test worker] JpaBaseConfiguration$JpaWebConfiguration : spring.jpa.open-in-view is enabled by default. Therefore, database queries may be performed during view rendering. Explicitly configure spring.jpa.open-in-view to disable this warning
?[0m?[0;34m2022-12-19 17:22:15.510  WARN 30689 --- [    Test worker] ion$DefaultTemplateResolverConfiguration : Cannot find template location: classpath:/templates/ (please add some templates or check your Thymeleaf configuration)
?[0m?[0;34m2022-12-19 17:22:15.775  INFO 30689 --- [    Test worker] o.s.b.a.e.web.EndpointLinksResolver      : Exposing 14 endpoint(s) beneath base path '/actuator'
?[0m?[0;34m2022-12-19 17:22:15.818  INFO 30689 --- [    Test worker] o.s.b.w.embedded.tomcat.TomcatWebServer  : Tomcat started on port(s): 8889 (http) with context path ''
?[0m?[0;34m2022-12-19 17:22:15.837  INFO 30689 --- [    Test worker] platform.CodeSharingPlatform             : Started CodeSharingPlatform in 10.287 seconds (JVM running for 11.276)
?[0;34m2022-12-19 17:22:16.342  INFO 30689 --- [nio-8889-exec-1] o.a.c.c.C.[Tomcat].[localhost].[/]       : Initializing Spring DispatcherServlet 'dispatcherServlet'
?[0m?[0;34m2022-12-19 17:22:16.343  INFO 30689 --- [nio-8889-exec-1] o.s.web.servlet.DispatcherServlet        : Initializing Servlet 'dispatcherServlet'
?[0m?[0;34m2022-12-19 17:22:16.345  INFO 30689 --- [nio-8889-exec-1] o.s.web.servlet.DispatcherServlet        : Completed initialization in 2 ms
?[0m?[1;31m
Start test 2?[0m
?[1;31m
Start test 3?[0m
?[1;31m
Start test 4?[0m
?[1;31m
Start test 5?[0m
?[1;31m
Start test 6?[0m
?[1;31m
Start test 7?[0m
?[1;31m
Start test 8?[0m
?[1;31m
Start test 9?[0m
?[1;31m
Start test 10?[0m
?[1;31m
Start test 11?[0m
?[1;31m
Start test 12?[0m
?[1;31m
Start test 13?[0m
?[1;31m
Start test 14?[0m
?[1;31m
Start test 15?[0m
?[1;31m
Start test 16?[0m
?[1;31m
Start test 17?[0m
?[1;31m
Start test 18?[0m
?[1;31m
Start test 19?[0m
?[1;31m
Start test 20?[0m
?[1;31m
Start test 21?[0m
?[1;31m
Start test 22?[0m
?[1;31m
Start test 23?[0m
?[1;31m
Start test 24?[0m
?[1;31m
Start test 25?[0m
?[1;31m
Start test 26?[0m
?[1;31m
Start test 27?[0m
?[1;31m
Start test 28?[0m
?[1;31m
Start test 29?[0m
?[1;31m
Start test 30?[0m
?[1;31m
Start test 31?[0m
?[1;31m
Start test 32?[0m
?[1;31m
Start test 33?[0m
?[1;31m
Start test 34?[0m
?[1;31m
Start test 35?[0m
?[1;31m
Start test 36?[0m
?[1;31m
Start test 37?[0m
?[1;31m
Start test 38?[0m
?[1;31m
Start test 39?[0m
?[1;31m
Start test 40?[0m
?[1;31m
Start test 41?[0m
?[1;31m
Start test 42?[0m
?[1;31m
Start test 43?[0m
?[1;31m
Start test 44?[0m
?[1;31m
Start test 45?[0m
?[1;31m
Start test 46?[0m
?[1;31m
Start test 47?[0m
?[1;31m
Start test 48?[0m
?[1;31m
Start test 49?[0m
?[1;31m
Start test 50?[0m
?[1;31m
Start test 51?[0m
?[1;31m
Start test 52?[0m
?[1;31m
Start test 53?[0m
?[1;31m
Start test 54?[0m
?[1;31m
Start test 55?[0m
?[1;31m
Start test 56?[0m
?[0;34m2022-12-19 17:22:21.004  INFO 30689 --- [       Thread-5] j.LocalContainerEntityManagerFactoryBean : Closing JPA EntityManagerFactory for persistence unit 'default'
?[0m?[0;34m2022-12-19 17:22:21.007  INFO 30689 --- [       Thread-5] com.zaxxer.hikari.HikariDataSource       : HikariPool-1 - Shutdown initiated...
?[0m?[0;34m2022-12-19 17:22:21.136  INFO 30689 --- [       Thread-5] com.zaxxer.hikari.HikariDataSource       : HikariPool-1 - Shutdown completed.
?[0;34m
?[0m?[0;34m  .   ____          _            __ _ _
?[0m?[0;34m /\\ / ___'_ __ _ _(_)_ __  __ _ \ \ \ \
?[0m?[0;34m( ( )\___ | '_ | '_| | '_ \/ _` | \ \ \ \
?[0m?[0;34m \\/  ___)| |_)| | | | | || (_| |  ) ) ) )
?[0m?[0;34m  '  |____| .__|_| |_|_| |_\__, | / / / /
?[0m?[0;34m =========|_|==============|___/=/_/_/_/
?[0m?[0;34m :: Spring Boot ::                (v2.5.6)
?[0m?[0;34m
?[0m?[0;34m2022-12-19 17:22:32.888  INFO 30689 --- [    Test worker] platform.CodeSharingPlatform             : Starting CodeSharingPlatform using Java 17.0.4.1 on EDCMXENLT0190.local with PID 30689 (started by enriqueclerici in /Users/enriqueclerici/Documents/Programitas/Code Sharing Platform/Code Sharing Platform/task)
?[0m?[0;34m2022-12-19 17:22:32.888  INFO 30689 --- [    Test worker] platform.CodeSharingPlatform             : No active profile set, falling back to default profiles: default
?[0m?[0;34m2022-12-19 17:22:33.096  INFO 30689 --- [    Test worker] .s.d.r.c.RepositoryConfigurationDelegate : Bootstrapping Spring Data JPA repositories in DEFAULT mode.
?[0m?[0;34m2022-12-19 17:22:33.102  INFO 30689 --- [    Test worker] .s.d.r.c.RepositoryConfigurationDelegate : Finished Spring Data repository scanning in 5 ms. Found 1 JPA repository interfaces.
?[0m?[0;34m2022-12-19 17:22:33.180  INFO 30689 --- [    Test worker] o.s.b.w.embedded.tomcat.TomcatWebServer  : Tomcat initialized with port(s): 8889 (http)
?[0m?[0;34m2022-12-19 17:22:33.181  INFO 30689 --- [    Test worker] o.apache.catalina.core.StandardService   : Starting service [Tomcat]
?[0m?[0;34m2022-12-19 17:22:33.181  INFO 30689 --- [    Test worker] org.apache.catalina.core.StandardEngine  : Starting Servlet engine: [Apache Tomcat/9.0.54]
?[0m?[0;34m2022-12-19 17:22:33.202  INFO 30689 --- [    Test worker] o.a.c.c.C.[Tomcat].[localhost].[/]       : Initializing Spring embedded WebApplicationContext
?[0m?[0;34m2022-12-19 17:22:33.202  INFO 30689 --- [    Test worker] w.s.c.ServletWebServerApplicationContext : Root WebApplicationContext: initialization completed in 312 ms
?[0m?[0;34m2022-12-19 17:22:33.230  INFO 30689 --- [    Test worker] com.zaxxer.hikari.HikariDataSource       : HikariPool-2 - Starting...
?[0m?[0;34m2022-12-19 17:22:33.239  INFO 30689 --- [    Test worker] com.zaxxer.hikari.HikariDataSource       : HikariPool-2 - Start completed.
?[0m?[0;34m2022-12-19 17:22:33.239  INFO 30689 --- [    Test worker] o.s.b.a.h2.H2ConsoleAutoConfiguration    : H2 console available at '/h2-console'. Database available at 'jdbc:h2:file:../snippets'
?[0m?[0;34m2022-12-19 17:22:33.272  INFO 30689 --- [    Test worker] o.hibernate.jpa.internal.util.LogHelper  : HHH000204: Processing PersistenceUnitInfo [name: default]
?[0m?[0;34m2022-12-19 17:22:33.277  INFO 30689 --- [    Test worker] org.hibernate.dialect.Dialect            : HHH000400: Using dialect: org.hibernate.dialect.H2Dialect
?[0m?[0;34m2022-12-19 17:22:33.329  INFO 30689 --- [    Test worker] o.h.e.t.j.p.i.JtaPlatformInitiator       : HHH000490: Using JtaPlatform implementation: [org.hibernate.engine.transaction.jta.platform.internal.NoJtaPlatform]
?[0m?[0;34m2022-12-19 17:22:33.329  INFO 30689 --- [    Test worker] j.LocalContainerEntityManagerFactoryBean : Initialized JPA EntityManagerFactory for persistence unit 'default'
?[0m?[0;34m2022-12-19 17:22:33.376  WARN 30689 --- [    Test worker] JpaBaseConfiguration$JpaWebConfiguration : spring.jpa.open-in-view is enabled by default. Therefore, database queries may be performed during view rendering. Explicitly configure spring.jpa.open-in-view to disable this warning
?[0m?[0;34m2022-12-19 17:22:33.441  WARN 30689 --- [    Test worker] ion$DefaultTemplateResolverConfiguration : Cannot find template location: classpath:/templates/ (please add some templates or check your Thymeleaf configuration)
?[0m?[0;34m2022-12-19 17:22:33.519  INFO 30689 --- [    Test worker] o.s.b.a.e.web.EndpointLinksResolver      : Exposing 14 endpoint(s) beneath base path '/actuator'
?[0m?[0;34m2022-12-19 17:22:33.532  INFO 30689 --- [    Test worker] o.s.b.w.embedded.tomcat.TomcatWebServer  : Tomcat started on port(s): 8889 (http) with context path ''
?[0m?[0;34m2022-12-19 17:22:33.538  INFO 30689 --- [    Test worker] platform.CodeSharingPlatform             : Started CodeSharingPlatform in 5.676 seconds (JVM running for 28.978)
?[0m?[1;31m
Start test 57?[0m
?[0;34m2022-12-19 17:22:33.544  INFO 30689 --- [nio-8889-exec-1] o.a.c.c.C.[Tomcat].[localhost].[/]       : Initializing Spring DispatcherServlet 'dispatcherServlet'
?[0m?[0;34m2022-12-19 17:22:33.544  INFO 30689 --- [nio-8889-exec-1] o.s.web.servlet.DispatcherServlet        : Initializing Servlet 'dispatcherServlet'
?[0m?[0;34m2022-12-19 17:22:33.545  INFO 30689 --- [nio-8889-exec-1] o.s.web.servlet.DispatcherServlet        : Completed initialization in 1 ms
?[1;31m
Start test 58?[0m
?[1;31m
Start test 59?[0m
?[1;31m
Start test 60?[0m
?[1;31m
Start test 61?[0m
?[1;31m
Start test 62?[0m
?[1;31m
Start test 63?[0m
?[1;31m
Start test 64?[0m
?[1;31m
Start test 65?[0m
?[1;31m
Start test 66?[0m
?[1;31m
Start test 67?[0m
?[1;31m
Start test 68?[0m
?[1;31m
Start test 69?[0m
?[1;31m
Start test 70?[0m
?[1;31m
Start test 71?[0m
?[1;31m
Start test 72?[0m
?[1;31m
Start test 73?[0m
?[1;31m
Start test 74?[0m
?[1;31m
Start test 75?[0m
?[1;31m
Start test 76?[0m
?[1;31m
Start test 77?[0m
?[1;31m
Start test 78?[0m
?[1;31m
Start test 79?[0m
?[1;31m
Start test 80?[0m
?[1;31m
Start test 81?[0m
?[1;31m
Start test 82?[0m
?[1;31m
Start test 83?[0m
?[1;31m
Start test 84?[0m
?[1;31m
Start test 85?[0m
?[1;31m
Start test 86?[0m
?[1;31m
Start test 87?[0m
?[1;31m
Start test 88?[0m
?[1;31m
Start test 89?[0m
?[1;31m
Start test 90?[0m
?[1;31m
Start test 91?[0m
?[1;31m
Start test 92?[0m
?[1;31m
Start test 93?[0m
?[1;31m
Start test 94?[0m
?[1;31m
Start test 95?[0m
?[1;31m
Start test 96?[0m
?[1;31m
Start test 97?[0m
?[1;31m
Start test 98?[0m
?[1;31m
Start test 99?[0m
?[1;31m
Start test 100?[0m
?[1;31m
Start test 101?[0m
?[1;31m
Start test 102?[0m
?[1;31m
Start test 103?[0m
?[0;34m2022-12-19 17:22:42.337  INFO 30689 --- [       Thread-7] j.LocalContainerEntityManagerFactoryBean : Closing JPA EntityManagerFactory for persistence unit 'default'
?[0m?[0;34m2022-12-19 17:22:42.339  INFO 30689 --- [       Thread-7] com.zaxxer.hikari.HikariDataSource       : HikariPool-2 - Shutdown initiated...
?[0m?[0;34m2022-12-19 17:22:42.444  INFO 30689 --- [       Thread-7] com.zaxxer.hikari.HikariDataSource       : HikariPool-2 - Shutdown completed.
?[0;34m
?[0m?[0;34m  .   ____          _            __ _ _
?[0m?[0;34m /\\ / ___'_ __ _ _(_)_ __  __ _ \ \ \ \
?[0m?[0;34m( ( )\___ | '_ | '_| | '_ \/ _` | \ \ \ \
?[0m?[0;34m \\/  ___)| |_)| | | | | || (_| |  ) ) ) )
?[0m?[0;34m  '  |____| .__|_| |_|_| |_\__, | / / / /
?[0m?[0;34m =========|_|==============|___/=/_/_/_/
?[0m?[0;34m :: Spring Boot ::                (v2.5.6)
?[0m?[0;34m
?[0m?[0;34m2022-12-19 17:22:54.226  INFO 30689 --- [    Test worker] platform.CodeSharingPlatform             : Starting CodeSharingPlatform using Java 17.0.4.1 on EDCMXENLT0190.local with PID 30689 (started by enriqueclerici in /Users/enriqueclerici/Documents/Programitas/Code Sharing Platform/Code Sharing Platform/task)
?[0m?[0;34m2022-12-19 17:22:54.226  INFO 30689 --- [    Test worker] platform.CodeSharingPlatform             : No active profile set, falling back to default profiles: default
?[0m?[0;34m2022-12-19 17:22:54.397  INFO 30689 --- [    Test worker] .s.d.r.c.RepositoryConfigurationDelegate : Bootstrapping Spring Data JPA repositories in DEFAULT mode.
?[0m?[0;34m2022-12-19 17:22:54.403  INFO 30689 --- [    Test worker] .s.d.r.c.RepositoryConfigurationDelegate : Finished Spring Data repository scanning in 5 ms. Found 1 JPA repository interfaces.
?[0m?[0;34m2022-12-19 17:22:54.465  INFO 30689 --- [    Test worker] o.s.b.w.embedded.tomcat.TomcatWebServer  : Tomcat initialized with port(s): 8889 (http)
?[0m?[0;34m2022-12-19 17:22:54.466  INFO 30689 --- [    Test worker] o.apache.catalina.core.StandardService   : Starting service [Tomcat]
?[0m?[0;34m2022-12-19 17:22:54.466  INFO 30689 --- [    Test worker] org.apache.catalina.core.StandardEngine  : Starting Servlet engine: [Apache Tomcat/9.0.54]
?[0m?[0;34m2022-12-19 17:22:54.484  INFO 30689 --- [    Test worker] o.a.c.c.C.[Tomcat].[localhost].[/]       : Initializing Spring embedded WebApplicationContext
?[0m?[0;34m2022-12-19 17:22:54.484  INFO 30689 --- [    Test worker] w.s.c.ServletWebServerApplicationContext : Root WebApplicationContext: initialization completed in 256 ms
?[0m?[0;34m2022-12-19 17:22:54.509  INFO 30689 --- [    Test worker] com.zaxxer.hikari.HikariDataSource       : HikariPool-3 - Starting...
?[0m?[0;34m2022-12-19 17:22:54.514  INFO 30689 --- [    Test worker] com.zaxxer.hikari.HikariDataSource       : HikariPool-3 - Start completed.
?[0m?[0;34m2022-12-19 17:22:54.514  INFO 30689 --- [    Test worker] o.s.b.a.h2.H2ConsoleAutoConfiguration    : H2 console available at '/h2-console'. Database available at 'jdbc:h2:file:../snippets'
?[0m?[0;34m2022-12-19 17:22:54.547  INFO 30689 --- [    Test worker] o.hibernate.jpa.internal.util.LogHelper  : HHH000204: Processing PersistenceUnitInfo [name: default]
?[0m?[0;34m2022-12-19 17:22:54.551  INFO 30689 --- [    Test worker] org.hibernate.dialect.Dialect            : HHH000400: Using dialect: org.hibernate.dialect.H2Dialect
?[0m?[0;34m2022-12-19 17:22:54.583  INFO 30689 --- [    Test worker] o.h.e.t.j.p.i.JtaPlatformInitiator       : HHH000490: Using JtaPlatform implementation: [org.hibernate.engine.transaction.jta.platform.internal.NoJtaPlatform]
?[0m?[0;34m2022-12-19 17:22:54.584  INFO 30689 --- [    Test worker] j.LocalContainerEntityManagerFactoryBean : Initialized JPA EntityManagerFactory for persistence unit 'default'
?[0m?[0;34m2022-12-19 17:22:54.625  WARN 30689 --- [    Test worker] JpaBaseConfiguration$JpaWebConfiguration : spring.jpa.open-in-view is enabled by default. Therefore, database queries may be performed during view rendering. Explicitly configure spring.jpa.open-in-view to disable this warning
?[0m?[0;34m2022-12-19 17:22:54.672  WARN 30689 --- [    Test worker] ion$DefaultTemplateResolverConfiguration : Cannot find template location: classpath:/templates/ (please add some templates or check your Thymeleaf configuration)
?[0m?[0;34m2022-12-19 17:22:54.740  INFO 30689 --- [    Test worker] o.s.b.a.e.web.EndpointLinksResolver      : Exposing 14 endpoint(s) beneath base path '/actuator'
?[0m?[0;34m2022-12-19 17:22:54.750  INFO 30689 --- [    Test worker] o.s.b.w.embedded.tomcat.TomcatWebServer  : Tomcat started on port(s): 8889 (http) with context path ''
?[0m?[0;34m2022-12-19 17:22:54.756  INFO 30689 --- [    Test worker] platform.CodeSharingPlatform             : Started CodeSharingPlatform in 5.555 seconds (JVM running for 50.197)
?[0m?[1;31m
Start test 104?[0m
?[1;31m
Start test 105?[0m
?[0;34m2022-12-19 17:22:54.760  INFO 30689 --- [nio-8889-exec-1] o.a.c.c.C.[Tomcat].[localhost].[/]       : Initializing Spring DispatcherServlet 'dispatcherServlet'
?[0m?[0;34m2022-12-19 17:22:54.760  INFO 30689 --- [nio-8889-exec-1] o.s.web.servlet.DispatcherServlet        : Initializing Servlet 'dispatcherServlet'
?[0m?[0;34m2022-12-19 17:22:54.761  INFO 30689 --- [nio-8889-exec-1] o.s.web.servlet.DispatcherServlet        : Completed initialization in 1 ms
?[1;31m
Start test 106?[0m
?[1;31m
Start test 107?[0m
?[1;31m
Start test 108?[0m
?[1;31m
Start test 109?[0m
?[1;31m
Start test 110?[0m
?[1;31m
Start test 111?[0m
?[1;31m
Start test 112?[0m
?[1;31m
Start test 113?[0m
?[1;31m
Start test 114?[0m
?[1;31m
Start test 115?[0m
?[1;31m
Start test 116?[0m
?[1;31m
Start test 117?[0m
?[1;31m
Start test 118?[0m
?[1;31m
Start test 119?[0m
]]></system-out>
  <system-err><![CDATA[]]></system-err>
</testsuite>
